0 info it worked if it ends with ok
1 verbose cli [ 'C:\\Program Files\\nodejs\\node.exe',
1 verbose cli   'C:\\Program Files\\nodejs\\node_modules\\npm\\bin\\npm-cli.js',
1 verbose cli   'run',
1 verbose cli   'build' ]
2 info using npm@3.10.10
3 info using node@v6.10.1
4 verbose run-script [ 'prebuild', 'build', 'postbuild' ]
5 info lifecycle lunar-calendar@1.0.0~prebuild: lunar-calendar@1.0.0
6 silly lifecycle lunar-calendar@1.0.0~prebuild: no script for prebuild, continuing
7 info lifecycle lunar-calendar@1.0.0~build: lunar-calendar@1.0.0
8 verbose lifecycle lunar-calendar@1.0.0~build: unsafe-perm in lifecycle true
9 verbose lifecycle lunar-calendar@1.0.0~build: PATH: C:\Program Files\nodejs\node_modules\npm\bin\node-gyp-bin;C:\Users\Ri-Tatsu\Desktop\calendar\node_modules\.bin;C:\Program Files\Haskell\bin;C:\Program Files\Haskell Platform\8.0.2\lib\extralibs\bin;C:\Program Files\Haskell Platform\8.0.2\bin;C:\WINDOWS\system32;C:\WINDOWS;C:\WINDOWS\System32\Wbem;C:\WINDOWS\System32\WindowsPowerShell\v1.0\;C:\Program Files (x86)\Skype\Phone\;C:\Program Files\Calibre2\;C:\Users\Ri-Tatsu\.dnx\bin;C:\Program Files\Microsoft DNX\Dnvm\;C:\Program Files\Microsoft SQL Server\130\Tools\Binn\;C:\Program Files\Git\cmd;C:\Program Files (x86)\Windows Kits\10\Windows Performance Toolkit\;C:\Program Files\Haskell Platform\8.0.2\mingw\bin;C:\Program Files\nodejs\;C:\Users\Ri-Tatsu\AppData\Roaming\cabal\bin;C:\Users\Ri-Tatsu\AppData\Roaming\local\bin;C:\Users\Ri-Tatsu\AppData\Local\Microsoft\WindowsApps;C:\Users\Ri-Tatsu\AppData\Local\atom\bin;C:\Program Files\CMake\bin;C:\Users\Ri-Tatsu\AppData\Roaming\npm;C:\Program Files (x86)\Microsoft VS Code\bin
10 verbose lifecycle lunar-calendar@1.0.0~build: CWD: C:\Users\Ri-Tatsu\Desktop\calendar
11 silly lifecycle lunar-calendar@1.0.0~build: Args: [ '/d /s /c', 'webpack' ]
12 silly lifecycle lunar-calendar@1.0.0~build: Returned: code: 1  signal: null
13 info lifecycle lunar-calendar@1.0.0~build: Failed to exec build script
14 verbose stack Error: lunar-calendar@1.0.0 build: `webpack`
14 verbose stack Exit status 1
14 verbose stack     at EventEmitter.<anonymous> (C:\Program Files\nodejs\node_modules\npm\lib\utils\lifecycle.js:255:16)
14 verbose stack     at emitTwo (events.js:106:13)
14 verbose stack     at EventEmitter.emit (events.js:191:7)
14 verbose stack     at ChildProcess.<anonymous> (C:\Program Files\nodejs\node_modules\npm\lib\utils\spawn.js:40:14)
14 verbose stack     at emitTwo (events.js:106:13)
14 verbose stack     at ChildProcess.emit (events.js:191:7)
14 verbose stack     at maybeClose (internal/child_process.js:886:16)
14 verbose stack     at Process.ChildProcess._handle.onexit (internal/child_process.js:226:5)
15 verbose pkgid lunar-calendar@1.0.0
16 verbose cwd C:\Users\Ri-Tatsu\Desktop\calendar
17 error Windows_NT 10.0.14393
18 error argv "C:\\Program Files\\nodejs\\node.exe" "C:\\Program Files\\nodejs\\node_modules\\npm\\bin\\npm-cli.js" "run" "build"
19 error node v6.10.1
20 error npm  v3.10.10
21 error code ELIFECYCLE
22 error lunar-calendar@1.0.0 build: `webpack`
22 error Exit status 1
23 error Failed at the lunar-calendar@1.0.0 build script 'webpack'.
23 error Make sure you have the latest version of node.js and npm installed.
23 error If you do, this is most likely a problem with the lunar-calendar package,
23 error not with npm itself.
23 error Tell the author that this fails on your system:
23 error     webpack
23 error You can get information on how to open an issue for this project with:
23 error     npm bugs lunar-calendar
23 error Or if that isn't available, you can get their info via:
23 error     npm owner ls lunar-calendar
23 error There is likely additional logging output above.
24 verbose exit [ 1, true ]
